d:\21.sources\testcode\acapplayer\acapplayer\debug\acapplayer.pch
d:\21.sources\testcode\acapplayer\acapplayer\debug\vc141.pdb
d:\21.sources\testcode\acapplayer\acapplayer\debug\vc141.idb
d:\21.sources\testcode\acapplayer\acapplayer\debug\pch.obj
d:\21.sources\testcode\acapplayer\acapplayer\debug\mainfrm.obj
d:\21.sources\testcode\acapplayer\acapplayer\debug\acapsender.obj
d:\21.sources\testcode\acapplayer\acapplayer\debug\acapreader.obj
d:\21.sources\testcode\acapplayer\acapplayer\debug\acapqueue.obj
d:\21.sources\testcode\acapplayer\acapplayer\debug\acapplayerview.obj
d:\21.sources\testcode\acapplayer\acapplayer\debug\acapplayerdoc.obj
d:\21.sources\testcode\acapplayer\acapplayer\debug\acapplayer.obj
d:\21.sources\testcode\acapplayer\acapplayer\debug\acapmanager.obj
d:\21.sources\testcode\acapplayer\acapplayer\outputdbg32\acapplayer.exe
d:\21.sources\testcode\acapplayer\acapplayer\outputdbg32\acapplayer.ilk
d:\21.sources\testcode\acapplayer\acapplayer\outputdbg32\acapplayer.pdb
d:\21.sources\testcode\acapplayer\outputdbg32\acapplayer.exe
d:\21.sources\testcode\acapplayer\outputdbg32\acapplayer.ilk
d:\21.sources\testcode\acapplayer\outputdbg32\acapplayer.pdb
d:\21.sources\testcode\acapplayer\acapplayer\debug\acapplayer.res
d:\21.sources\testcode\acapplayer\acapplayer\debug\acapplayer.tlog\cl.command.1.tlog
d:\21.sources\testcode\acapplayer\acapplayer\debug\acapplayer.tlog\cl.read.1.tlog
d:\21.sources\testcode\acapplayer\acapplayer\debug\acapplayer.tlog\cl.write.1.tlog
d:\21.sources\testcode\acapplayer\acapplayer\debug\acapplayer.tlog\link.command.1.tlog
d:\21.sources\testcode\acapplayer\acapplayer\debug\acapplayer.tlog\link.read.1.tlog
d:\21.sources\testcode\acapplayer\acapplayer\debug\acapplayer.tlog\link.write.1.tlog
d:\21.sources\testcode\acapplayer\acapplayer\debug\acapplayer.tlog\rc.command.1.tlog
d:\21.sources\testcode\acapplayer\acapplayer\debug\acapplayer.tlog\rc.read.1.tlog
d:\21.sources\testcode\acapplayer\acapplayer\debug\acapplayer.tlog\rc.write.1.tlog
