d:\21.sources\testcode\acapplayer\acapplayer\outputrel32\acapplayer.ipdb
d:\21.sources\testcode\acapplayer\acapplayer\outputrel32\acapplayer.iobj
d:\21.sources\testcode\acapplayer\acapplayer\acapplayer\release\acapplayer.pch
d:\21.sources\testcode\acapplayer\acapplayer\acapplayer\release\vc141.pdb
d:\21.sources\testcode\acapplayer\acapplayer\acapplayer\release\pch.obj
d:\21.sources\testcode\acapplayer\acapplayer\acapplayer\release\mainfrm.obj
d:\21.sources\testcode\acapplayer\acapplayer\acapplayer\release\acapplayerview.obj
d:\21.sources\testcode\acapplayer\acapplayer\acapplayer\release\acapplayerdoc.obj
d:\21.sources\testcode\acapplayer\acapplayer\acapplayer\release\acapplayer.obj
d:\21.sources\testcode\acapplayer\acapplayer\outputrel32\acapplayer.exe
d:\21.sources\testcode\acapplayer\acapplayer\outputrel32\acapplayer.pdb
d:\21.sources\testcode\acapplayer\acapplayer\acapplayer\release\acapplayer.res
d:\21.sources\testcode\acapplayer\acapplayer\release\acapplayer.obj
d:\21.sources\testcode\acapplayer\acapplayer\release\acapplayerdoc.obj
d:\21.sources\testcode\acapplayer\acapplayer\release\acapplayerview.obj
d:\21.sources\testcode\acapplayer\acapplayer\release\mainfrm.obj
d:\21.sources\testcode\acapplayer\acapplayer\release\pch.obj
d:\21.sources\testcode\acapplayer\acapplayer\release\acapplayer.res
d:\21.sources\testcode\acapplayer\acapplayer\release\acapplayer.pch
d:\21.sources\testcode\acapplayer\acapplayer\release\vc141.pdb
d:\21.sources\testcode\acapplayer\outputrel32\acapplayer.pdb
d:\21.sources\testcode\acapplayer\outputrel32\acapplayer.exe
d:\21.sources\testcode\acapplayer\acapplayer\release\acapplayer.tlog\acapplayer.write.1u.tlog
d:\21.sources\testcode\acapplayer\acapplayer\release\acapplayer.tlog\cl.command.1.tlog
d:\21.sources\testcode\acapplayer\acapplayer\release\acapplayer.tlog\cl.read.1.tlog
d:\21.sources\testcode\acapplayer\acapplayer\release\acapplayer.tlog\cl.write.1.tlog
d:\21.sources\testcode\acapplayer\acapplayer\release\acapplayer.tlog\link.command.1.tlog
d:\21.sources\testcode\acapplayer\acapplayer\release\acapplayer.tlog\link.read.1.tlog
d:\21.sources\testcode\acapplayer\acapplayer\release\acapplayer.tlog\link.write.1.tlog
d:\21.sources\testcode\acapplayer\acapplayer\release\acapplayer.tlog\rc.command.1.tlog
d:\21.sources\testcode\acapplayer\acapplayer\release\acapplayer.tlog\rc.read.1.tlog
d:\21.sources\testcode\acapplayer\acapplayer\release\acapplayer.tlog\rc.write.1.tlog
