d:\21.sources\testcode\acapplayer\acapplayer\outputrel64\acapplayer.ipdb
d:\21.sources\testcode\acapplayer\acapplayer\outputrel64\acapplayer.iobj
d:\21.sources\testcode\acapplayer\acapplayer\acapplayer\x64\release\acapplayer.pch
d:\21.sources\testcode\acapplayer\acapplayer\acapplayer\x64\release\vc141.pdb
d:\21.sources\testcode\acapplayer\acapplayer\acapplayer\x64\release\pch.obj
d:\21.sources\testcode\acapplayer\acapplayer\acapplayer\x64\release\mainfrm.obj
d:\21.sources\testcode\acapplayer\acapplayer\acapplayer\x64\release\acapplayerview.obj
d:\21.sources\testcode\acapplayer\acapplayer\acapplayer\x64\release\acapplayerdoc.obj
d:\21.sources\testcode\acapplayer\acapplayer\acapplayer\x64\release\acapplayer.obj
d:\21.sources\testcode\acapplayer\acapplayer\outputrel64\acapplayer.exe
d:\21.sources\testcode\acapplayer\acapplayer\outputrel64\acapplayer.pdb
d:\21.sources\testcode\acapplayer\acapplayer\acapplayer\x64\release\acapplayer.res
d:\21.sources\testcode\acapplayer\acapplayer\x64\release\acapplayer.obj
d:\21.sources\testcode\acapplayer\acapplayer\x64\release\acapplayerdoc.obj
d:\21.sources\testcode\acapplayer\acapplayer\x64\release\acapplayerview.obj
d:\21.sources\testcode\acapplayer\acapplayer\x64\release\mainfrm.obj
d:\21.sources\testcode\acapplayer\acapplayer\x64\release\pch.obj
d:\21.sources\testcode\acapplayer\acapplayer\x64\release\acapplayer.res
d:\21.sources\testcode\acapplayer\acapplayer\x64\release\acapplayer.pch
d:\21.sources\testcode\acapplayer\acapplayer\x64\release\vc141.pdb
d:\21.sources\testcode\acapplayer\outputrel64\acapplayer.pdb
d:\21.sources\testcode\acapplayer\outputrel64\acapplayer.exe
d:\21.sources\testcode\acapplayer\acapplayer\x64\release\acapplayer.tlog\acapplayer.write.1u.tlog
d:\21.sources\testcode\acapplayer\acapplayer\x64\release\acapplayer.tlog\cl.command.1.tlog
d:\21.sources\testcode\acapplayer\acapplayer\x64\release\acapplayer.tlog\cl.read.1.tlog
d:\21.sources\testcode\acapplayer\acapplayer\x64\release\acapplayer.tlog\cl.write.1.tlog
d:\21.sources\testcode\acapplayer\acapplayer\x64\release\acapplayer.tlog\link.command.1.tlog
d:\21.sources\testcode\acapplayer\acapplayer\x64\release\acapplayer.tlog\link.read.1.tlog
d:\21.sources\testcode\acapplayer\acapplayer\x64\release\acapplayer.tlog\link.write.1.tlog
d:\21.sources\testcode\acapplayer\acapplayer\x64\release\acapplayer.tlog\rc.command.1.tlog
d:\21.sources\testcode\acapplayer\acapplayer\x64\release\acapplayer.tlog\rc.read.1.tlog
d:\21.sources\testcode\acapplayer\acapplayer\x64\release\acapplayer.tlog\rc.write.1.tlog
