c:\atbis\acapplayer\acapplayer\x64\debug\acapplayer.pch
c:\atbis\acapplayer\acapplayer\x64\debug\vc143.pdb
c:\atbis\acapplayer\acapplayer\x64\debug\vc143.idb
c:\atbis\acapplayer\acapplayer\x64\debug\pch.obj
c:\atbis\acapplayer\acapplayer\x64\debug\mainfrm.obj
c:\atbis\acapplayer\acapplayer\x64\debug\acapsender.obj
c:\atbis\acapplayer\acapplayer\x64\debug\acapreader.obj
c:\atbis\acapplayer\acapplayer\x64\debug\acapqueue.obj
c:\atbis\acapplayer\acapplayer\x64\debug\acapplayerview.obj
c:\atbis\acapplayer\acapplayer\x64\debug\acapplayerdoc.obj
c:\atbis\acapplayer\acapplayer\x64\debug\acapplayer.obj
c:\atbis\acapplayer\acapplayer\x64\debug\acapmanagerreport.obj
c:\atbis\acapplayer\acapplayer\x64\debug\acapmanager.obj
c:\atbis\acapplayer\outputdbg64\acapplayer.exe
c:\atbis\acapplayer\outputdbg64\acapplayer.pdb
c:\atbis\acapplayer\acapplayer\x64\debug\acapplayer.res
c:\atbis\acapplayer\acapplayer\x64\debug\acapplayer.ilk
c:\atbis\acapplayer\acapplayer\x64\debug\acapplayer.tlog\cl.command.1.tlog
c:\atbis\acapplayer\acapplayer\x64\debug\acapplayer.tlog\cl.items.tlog
c:\atbis\acapplayer\acapplayer\x64\debug\acapplayer.tlog\cl.read.1.tlog
c:\atbis\acapplayer\acapplayer\x64\debug\acapplayer.tlog\cl.write.1.tlog
c:\atbis\acapplayer\acapplayer\x64\debug\acapplayer.tlog\link.command.1.tlog
c:\atbis\acapplayer\acapplayer\x64\debug\acapplayer.tlog\link.read.1.tlog
c:\atbis\acapplayer\acapplayer\x64\debug\acapplayer.tlog\link.secondary.1.tlog
c:\atbis\acapplayer\acapplayer\x64\debug\acapplayer.tlog\link.write.1.tlog
c:\atbis\acapplayer\acapplayer\x64\debug\acapplayer.tlog\rc.command.1.tlog
c:\atbis\acapplayer\acapplayer\x64\debug\acapplayer.tlog\rc.read.1.tlog
c:\atbis\acapplayer\acapplayer\x64\debug\acapplayer.tlog\rc.write.1.tlog
